<?xml version="1.0" encoding="utf-8"?>
<coverage line-rate="0.4598" branch-rate="0.43090000000000006" version="1.9" timestamp="1763913526" lines-covered="1375" lines-valid="2990" branches-covered="334" branches-valid="775">
  <sources>
    <source>/home/runner/work/CombatTracker/CombatTracker/CombatTracker.WebAssembly/</source>
  </sources>
  <packages>
    <package name="CombatTracker.WebAssembly" line-rate="0.4598" branch-rate="0.43090000000000006" complexity="1138">
      <classes>
        <class name="Program/&lt;&lt;Main&gt;$&gt;d__0" filename="Program.cs" line-rate="0" branch-rate="0" complexity="2">
          <methods>
            <method name="MoveNext" signature="()" line-rate="0" branch-rate="0" complexity="2">
              <lines>
                <line number="6" hits="0" branch="False" />
                <line number="7" hits="0" branch="False" />
                <line number="8" hits="0" branch="False" />
                <line number="11" hits="0" branch="False" />
                <line number="12" hits="0" branch="False" />
                <line number="13" hits="0" branch="False" />
                <line number="14" hits="0" branch="False" />
                <line number="17" hits="0" branch="False" />
                <line number="20" hits="0" branch="False" />
                <line number="23" hits="0" branch="False" />
                <line number="26" hits="0" branch="False" />
                <line number="29" hits="0" branch="False" />
                <line number="32" hits="0" branch="False" />
                <line number="35" hits="0" branch="False" />
                <line number="38" hits="0" branch="False" />
                <line number="39" hits="0" branch="False" />
                <line number="40" hits="0" branch="False" />
                <line number="41" hits="0" branch="False" />
                <line number="42" hits="0" branch="True" condition-coverage="0% (0/2)">
                  <conditions>
                    <condition number="24" type="jump" coverage="0%" />
                  </conditions>
                </line>
                <line number="43" hits="0" branch="False" />
                <line number="45" hits="0" branch="False" />
              </lines>
            </method>
          </methods>
          <lines>
            <line number="6" hits="0" branch="False" />
            <line number="7" hits="0" branch="False" />
            <line number="8" hits="0" branch="False" />
            <line number="11" hits="0" branch="False" />
            <line number="12" hits="0" branch="False" />
            <line number="13" hits="0" branch="False" />
            <line number="14" hits="0" branch="False" />
            <line number="17" hits="0" branch="False" />
            <line number="20" hits="0" branch="False" />
            <line number="23" hits="0" branch="False" />
            <line number="26" hits="0" branch="False" />
            <line number="29" hits="0" branch="False" />
            <line number="32" hits="0" branch="False" />
            <line number="35" hits="0" branch="False" />
            <line number="38" hits="0" branch="False" />
            <line number="39" hits="0" branch="False" />
            <line number="40" hits="0" branch="False" />
            <line number="41" hits="0" branch="False" />
            <line number="42" hits="0" branch="True" condition-coverage="0% (0/2)">
              <conditions>
                <condition number="24" type="jump" coverage="0%" />
              </conditions>
            </line>
            <line number="43" hits="0" branch="False" />
            <line number="45" hits="0" branch="False" />
          </lines>
        </class>
        <class name="CombatTracker.WebAssembly.WeatherApiClient" filename="WeatherApiClient.cs" line-rate="0" branch-rate="1" complexity="1">
          <methods>
            <method name=".ctor" signature="(System.Net.Http.HttpClient)" line-rate="0" branch-rate="1" complexity="1">
              <lines>
                <line number="3" hits="0" branch="False" />
              </lines>
            </method>
          </methods>
          <lines>
            <line number="3" hits="0" branch="False" />
          </lines>
        </class>
        <class name="CombatTracker.WebAssembly.WeatherApiClient/&lt;GetWeatherAsync&gt;d__1" filename="WeatherApiClient.cs" line-rate="0" branch-rate="1" complexity="1">
          <methods>
            <method name="MoveNext" signature="()" line-rate="0" branch-rate="1" complexity="1">
              <lines>
                <line number="7" hits="0" branch="False" />
                <line number="9" hits="0" branch="False" />
                <line number="10" hits="0" branch="False" />
                <line number="11" hits="0" branch="False" />
              </lines>
            </method>
          </methods>
          <lines>
            <line number="7" hits="0" branch="False" />
            <line number="9" hits="0" branch="False" />
            <line number="10" hits="0" branch="False" />
            <line number="11" hits="0" branch="False" />
          </lines>
        </class>
        <class name="CombatTracker.WebAssembly.WeatherForecast" filename="WeatherApiClient.cs" line-rate="0" branch-rate="1" complexity="2">
          <methods>
            <method name="get_Date" signature="()" line-rate="0" branch-rate="1" complexity="1">
              <lines>
                <line number="14" hits="0" branch="False" />
              </lines>
            </method>
            <method name="get_TemperatureF" signature="()" line-rate="0" branch-rate="1" complexity="1">
              <lines>
                <line number="16" hits="0" branch="False" />
              </lines>
            </method>
          </methods>
          <lines>
            <line number="14" hits="0" branch="False" />
            <line number="16" hits="0" branch="False" />
          </lines>
        </class>
        <class name="CombatTracker.WebAssembly.Components.PartyManagement.PartyManagement" filename="Components/PartyManagement/PartyManagement.razor" line-rate="0.31489999999999996" branch-rate="0.409" complexity="35">
          <methods>
            <method name="BuildRenderTree" signature="(Microsoft.AspNetCore.Components.Rendering.RenderTreeBuilder)" line-rate="0.5625" branch-rate="0.5" complexity="18">
              <lines>
                <line number="20" hits="15" branch="True" condition-coverage="100% (2/2)">
                  <conditions>
                    <condition number="453" type="jump" coverage="100%" />
                  </conditions>
                </line>
                <line number="21" hits="1" branch="False" />
                <line number="24" hits="1" branch="True" condition-coverage="50% (1/2)">
                  <conditions>
                    <condition number="590" type="jump" coverage="50%" />
                  </conditions>
                </line>
                <line number="45" hits="1" branch="False" />
                <line number="47" hits="15" branch="True" condition-coverage="100% (2/2)">
                  <conditions>
                    <condition number="830" type="jump" coverage="100%" />
                  </conditions>
                </line>
                <line number="48" hits="14" branch="False" />
                <line number="52" hits="14" branch="False" />
                <line number="54" hits="1" branch="False" />
                <line number="56" hits="5" branch="True" condition-coverage="100% (2/2)">
                  <conditions>
                    <condition number="2941" type="jump" coverage="100%" />
                  </conditions>
                </line>
                <line number="57" hits="1" branch="False" />
                <line number="61" hits="1" branch="False" />
                <line number="68" hits="1" branch="False" />
                <line number="70" hits="1" branch="True" condition-coverage="50% (1/2)">
                  <conditions>
                    <condition number="1618" type="jump" coverage="50%" />
                  </conditions>
                </line>
                <line number="71" hits="1" branch="False" />
                <line number="73" hits="1" branch="False" />
                <line number="75" hits="0" branch="False" />
                <line number="90" hits="0" branch="True" condition-coverage="0% (0/2)">
                  <conditions>
                    <condition number="2748" type="jump" coverage="0%" />
                  </conditions>
                </line>
                <line number="91" hits="0" branch="False" />
                <line number="93" hits="0" branch="False" />
                <line number="94" hits="0" branch="False" />
                <line number="95" hits="0" branch="False" />
                <line number="96" hits="0" branch="False" />
                <line number="97" hits="0" branch="False" />
                <line number="98" hits="0" branch="True" condition-coverage="0% (0/2)">
                  <conditions>
                    <condition number="2360" type="jump" coverage="0%" />
                  </conditions>
                </line>
                <line number="104" hits="0" branch="False" />
                <line number="108" hits="0" branch="False" />
                <line number="116" hits="1" branch="False" />
                <line number="118" hits="1" branch="False" />
                <line number="120" hits="15" branch="True" condition-coverage="50% (1/2)">
                  <conditions>
                    <condition number="2981" type="jump" coverage="50%" />
                  </conditions>
                </line>
                <line number="121" hits="0" branch="False" />
                <line number="126" hits="0" branch="True" condition-coverage="0% (0/2)">
                  <conditions>
                    <condition number="3411" type="jump" coverage="0%" />
                  </conditions>
                </line>
                <line number="191" hits="0" branch="False" />
              </lines>
            </method>
            <method name="OnInitialized" signature="()" line-rate="1" branch-rate="1" complexity="1">
              <lines>
                <line number="219" hits="7" branch="False" />
                <line number="220" hits="7" branch="False" />
                <line number="221" hits="7" branch="False" />
              </lines>
            </method>
            <method name="LoadParties" signature="()" line-rate="1" branch-rate="1" complexity="1">
              <lines>
                <line number="224" hits="7" branch="False" />
                <line number="225" hits="7" branch="False" />
                <line number="226" hits="7" branch="False" />
              </lines>
            </method>
            <method name="ShowCreatePartyForm" signature="()" line-rate="1" branch-rate="1" complexity="1">
              <lines>
                <line number="229" hits="1" branch="False" />
                <line number="230" hits="1" branch="False" />
                <line number="231" hits="1" branch="False" />
                <line number="232" hits="1" branch="False" />
                <line number="233" hits="1" branch="False" />
              </lines>
            </method>
            <method name="SeedTestParty" signature="()" line-rate="0" branch-rate="1" complexity="1">
              <lines>
                <line number="236" hits="0" branch="False" />
                <line number="237" hits="0" branch="False" />
                <line number="238" hits="0" branch="False" />
                <line number="239" hits="0" branch="False" />
              </lines>
            </method>
            <method name="EditParty" signature="(CombatTracker.WebAssembly.Models.Party)" line-rate="0" branch-rate="1" complexity="1">
              <lines>
                <line number="242" hits="0" branch="False" />
                <line number="243" hits="0" branch="False" />
                <line number="244" hits="0" branch="False" />
                <line number="245" hits="0" branch="False" />
                <line number="246" hits="0" branch="False" />
              </lines>
            </method>
            <method name="SaveParty" signature="()" line-rate="0" branch-rate="0" complexity="2">
              <lines>
                <line number="249" hits="0" branch="False" />
                <line number="250" hits="0" branch="True" condition-coverage="0% (0/2)">
                  <conditions>
                    <condition number="12" type="jump" coverage="0%" />
                  </conditions>
                </line>
                <line number="251" hits="0" branch="False" />
                <line number="252" hits="0" branch="False" />
                <line number="253" hits="0" branch="False" />
                <line number="255" hits="0" branch="False" />
                <line number="256" hits="0" branch="False" />
                <line number="257" hits="0" branch="False" />
                <line number="258" hits="0" branch="False" />
                <line number="259" hits="0" branch="False" />
                <line number="260" hits="0" branch="False" />
              </lines>
            </method>
            <method name="CancelPartyForm" signature="()" line-rate="0" branch-rate="1" complexity="1">
              <lines>
                <line number="263" hits="0" branch="False" />
                <line number="264" hits="0" branch="False" />
                <line number="265" hits="0" branch="False" />
                <line number="266" hits="0" branch="False" />
                <line number="267" hits="0" branch="False" />
              </lines>
            </method>
            <method name="DeleteParty" signature="(System.Int32)" line-rate="0" branch-rate="1" complexity="1">
              <lines>
                <line number="270" hits="0" branch="False" />
                <line number="271" hits="0" branch="False" />
                <line number="272" hits="0" branch="False" />
                <line number="273" hits="0" branch="False" />
              </lines>
            </method>
            <method name="ShowAddCharacterForm" signature="(System.Int32)" line-rate="0" branch-rate="1" complexity="1">
              <lines>
                <line number="276" hits="0" branch="False" />
                <line number="277" hits="0" branch="False" />
                <line number="278" hits="0" branch="False" />
                <line number="279" hits="0" branch="False" />
                <line number="280" hits="0" branch="False" />
                <line number="281" hits="0" branch="False" />
              </lines>
            </method>
            <method name="EditCharacter" signature="(System.Int32,CombatTracker.WebAssembly.Models.Character)" line-rate="0" branch-rate="1" complexity="1">
              <lines>
                <line number="284" hits="0" branch="False" />
                <line number="285" hits="0" branch="False" />
                <line number="286" hits="0" branch="False" />
                <line number="287" hits="0" branch="False" />
                <line number="288" hits="0" branch="False" />
                <line number="289" hits="0" branch="False" />
                <line number="290" hits="0" branch="False" />
                <line number="291" hits="0" branch="False" />
                <line number="292" hits="0" branch="False" />
                <line number="293" hits="0" branch="False" />
                <line number="294" hits="0" branch="False" />
                <line number="295" hits="0" branch="False" />
                <line number="296" hits="0" branch="False" />
                <line number="297" hits="0" branch="False" />
                <line number="298" hits="0" branch="False" />
                <line number="299" hits="0" branch="False" />
                <line number="300" hits="0" branch="False" />
              </lines>
            </method>
            <method name="SaveCharacter" signature="()" line-rate="0" branch-rate="0" complexity="2">
              <lines>
                <line number="303" hits="0" branch="False" />
                <line number="304" hits="0" branch="True" condition-coverage="0% (0/2)">
                  <conditions>
                    <condition number="12" type="jump" coverage="0%" />
                  </conditions>
                </line>
                <line number="305" hits="0" branch="False" />
                <line number="306" hits="0" branch="False" />
                <line number="307" hits="0" branch="False" />
                <line number="309" hits="0" branch="False" />
                <line number="310" hits="0" branch="False" />
                <line number="311" hits="0" branch="False" />
                <line number="312" hits="0" branch="False" />
                <line number="313" hits="0" branch="False" />
                <line number="314" hits="0" branch="False" />
              </lines>
            </method>
            <method name="CancelCharacterForm" signature="()" line-rate="0" branch-rate="1" complexity="1">
              <lines>
                <line number="317" hits="0" branch="False" />
                <line number="318" hits="0" branch="False" />
                <line number="319" hits="0" branch="False" />
                <line number="320" hits="0" branch="False" />
                <line number="321" hits="0" branch="False" />
                <line number="322" hits="0" branch="False" />
              </lines>
            </method>
            <method name="DeleteCharacter" signature="(System.Int32,System.Int32)" line-rate="0" branch-rate="1" complexity="1">
              <lines>
                <line number="325" hits="0" branch="False" />
                <line number="326" hits="0" branch="False" />
                <line number="327" hits="0" branch="False" />
                <line number="328" hits="0" branch="False" />
              </lines>
            </method>
            <method name="Dispose" signature="()" line-rate="1" branch-rate="1" complexity="1">
              <lines>
                <line number="331" hits="7" branch="False" />
                <line number="332" hits="7" branch="False" />
                <line number="333" hits="7" branch="False" />
              </lines>
            </method>
            <method name=".ctor" signature="()" line-rate="1" branch-rate="1" complexity="1">
              <lines>
                <line number="199" hits="7" branch="False" />
                <line number="200" hits="7" branch="False" />
                <line number="201" hits="7" branch="False" />
                <line number="202" hits="7" branch="False" />
                <line number="203" hits="7" branch="False" />
                <line number="204" hits="7" branch="False" />
                <line number="205" hits="7" branch="False" />
                <line number="206" hits="7" branch="False" />
              </lines>
            </method>
          </methods>
          <lines>
            <line number="20" hits="15" branch="True" condition-coverage="100% (2/2)">
              <conditions>
                <condition number="453" type="jump" coverage="100%" />
              </conditions>
            </line>
            <line number="21" hits="1" branch="False" />
            <line number="24" hits="1" branch="True" condition-coverage="50% (1/2)">
              <conditions>
                <condition number="590" type="jump" coverage="50%" />
              </conditions>
            </line>
            <line number="45" hits="1" branch="False" />
            <line number="47" hits="15" branch="True" condition-coverage="100% (2/2)">
              <conditions>
                <condition number="830" type="jump" coverage="100%" />
              </conditions>
            </line>
            <line number="48" hits="14" branch="False" />
            <line number="52" hits="14" branch="False" />
            <line number="54" hits="1" branch="False" />
            <line number="56" hits="5" branch="True" condition-coverage="100% (2/2)">
              <conditions>
                <condition number="2941" type="jump" coverage="100%" />
              </conditions>
            </line>
            <line number="57" hits="1" branch="False" />
            <line number="61" hits="1" branch="False" />
            <line number="68" hits="1" branch="False" />
            <line number="70" hits="1" branch="True" condition-coverage="50% (1/2)">
              <conditions>
                <condition number="1618" type="jump" coverage="50%" />
              </conditions>
            </line>
            <line number="71" hits="1" branch="False" />
            <line number="73" hits="1" branch="False" />
            <line number="75" hits="0" branch="False" />
            <line number="90" hits="0" branch="True" condition-coverage="0% (0/2)">
              <conditions>
                <condition number="2748" type="jump" coverage="0%" />
              </conditions>
            </line>
            <line number="91" hits="0" branch="False" />
            <line number="93" hits="0" branch="False" />
            <line number="94" hits="0" branch="False" />
            <line number="95" hits="0" branch="False" />
            <line number="96" hits="0" branch="False" />
            <line number="97" hits="0" branch="False" />
            <line number="98" hits="0" branch="True" condition-coverage="0% (0/2)">
              <conditions>
                <condition number="2360" type="jump" coverage="0%" />
              </conditions>
            </line>
            <line number="104" hits="0" branch="False" />
            <line number="108" hits="0" branch="False" />
            <line number="116" hits="1" branch="False" />
            <line number="118" hits="1" branch="False" />
            <line number="120" hits="15" branch="True" condition-coverage="50% (1/2)">
              <conditions>
                <condition number="2981" type="jump" coverage="50%" />
              </conditions>
            </line>
            <line number="121" hits="0" branch="False" />
            <line number="126" hits="0" branch="True" condition-coverage="0% (0/2)">
              <conditions>
                <condition number="3411" type="jump" coverage="0%" />
              </conditions>
            </line>
            <line number="191" hits="0" branch="False" />
            <line number="219" hits="7" branch="False" />
            <line number="220" hits="7" branch="False" />
            <line number="221" hits="7" branch="False" />
            <line number="224" hits="7" branch="False" />
            <line number="225" hits="7" branch="False" />
            <line number="226" hits="7" branch="False" />
            <line number="229" hits="1" branch="False" />
            <line number="230" hits="1" branch="False" />
            <line number="231" hits="1" branch="False" />
            <line number="232" hits="1" branch="False" />
            <line number="233" hits="1" branch="False" />
            <line number="236" hits="0" branch="False" />
            <line number="237" hits="0" branch="False" />
            <line number="238" hits="0" branch="False" />
            <line number="239" hits="0" branch="False" />
            <line number="242" hits="0" branch="False" />
            <line number="243" hits="0" branch="False" />
            <line number="244" hits="0" branch="False" />
            <line number="245" hits="0" branch="False" />
            <line number="246" hits="0" branch="False" />
            <line number="249" hits="0" branch="False" />
            <line number="250" hits="0" branch="True" condition-coverage="0% (0/2)">
              <conditions>
                <condition number="12" type="jump" coverage="0%" />
              </conditions>
            </line>
            <line number="251" hits="0" branch="False" />
            <line number="252" hits="0" branch="False" />
            <line number="253" hits="0" branch="False" />
            <line number="255" hits="0" branch="False" />
            <line number="256" hits="0" branch="False" />
            <line number="257" hits="0" branch="False" />
            <line number="258" hits="0" branch="False" />
            <line number="259" hits="0" branch="False" />
            <line number="260" hits="0" branch="False" />
            <line number="263" hits="0" branch="False" />
            <line number="264" hits="0" branch="False" />
            <line number="265" hits="0" branch="False" />
            <line number="266" hits="0" branch="False" />
            <line number="267" hits="0" branch="False" />
            <line number="270" hits="0" branch="False" />
            <line number="271" hits="0" branch="False" />
            <line number="272" hits="0" branch="False" />
            <line number="273" hits="0" branch="False" />
            <line number="276" hits="0" branch="False" />
            <line number="277" hits="0" branch="False" />
            <line number="278" hits="0" branch="False" />
            <line number="279" hits="0" branch="False" />
            <line number="280" hits="0" branch="False" />
            <line number="281" hits="0" branch="False" />
            <line number="284" hits="0" branch="False" />
            <line number="285" hits="0" branch="False" />
            <line number="286" hits="0" branch="False" />
            <line number="287" hits="0" branch="False" />
            <line number="288" hits="0" branch="False" />
            <line number="289" hits="0" branch="False" />
            <line number="290" hits="0" branch="False" />
            <line number="291" hits="0" branch="False" />
            <line number="292" hits="0" branch="False" />
            <line number="293" hits="0" branch="False" />
            <line number="294" hits="0" branch="False" />
            <line number="295" hits="0" branch="False" />
            <line number="296" hits="0" branch="False" />
            <line number="297" hits="0" branch="False" />
            <line number="298" hits="0" branch="False" />
            <line number="299" hits="0" branch="False" />
            <line number="300" hits="0" branch="False" />
            <line number="303" hits="0" branch="False" />
            <line number="304" hits="0" branch="True" condition-coverage="0% (0/2)">
              <conditions>
                <condition number="12" type="jump" coverage="0%" />
              </conditions>
            </line>
            <line number="305" hits="0" branch="False" />
            <line number="306" hits="0" branch="False" />
            <line number="307" hits="0" branch="False" />
            <line number="309" hits="0" branch="False" />
            <line number="310" hits="0" branch="False" />
            <line number="311" hits="0" branch="False" />
            <line number="312" hits="0" branch="False" />
            <line number="313" hits="0" branch="False" />
            <line number="314" hits="0" branch="False" />
            <line number="317" hits="0" branch="False" />
            <line number="318" hits="0" branch="False" />
            <line number="319" hits="0" branch="False" />
            <line number="320" hits="0" branch="False" />
            <line number="321" hits="0" branch="False" />
            <line number="322" hits="0" branch="False" />
            <line number="325" hits="0" branch="False" />
            <line number="326" hits="0" branch="False" />
            <line number="327" hits="0" branch="False" />
            <line number="328" hits="0" branch="False" />
            <line number="331" hits="7" branch="False" />
            <line number="332" hits="7" branch="False" />
            <line number="333" hits="7" branch="False" />
            <line number="199" hits="7" branch="False" />
            <line number="200" hits="7" branch="False" />
            <line number="201" hits="7" branch="False" />
            <line number="202" hits="7" branch="False" />
            <line number="203" hits="7" branch="False" />
            <line number="204" hits="7" branch="False" />
            <line number="205" hits="7" branch="False" />
            <line number="206" hits="7" branch="False" />
          </lines>
        </class>
        <class name="CombatTracker.WebAssembly.Components.PartyManagement.PartyManagement/&lt;&gt;c__DisplayClass0_0" filename="Components/PartyManagement/PartyManagement.razor" line-rate="0" branch-rate="1" complexity="3">
          <methods>
            <method name="&lt;BuildRenderTree&gt;b__7" signature="()" line-rate="0" branch-rate="1" complexity="1">
              <lines>
                <line number="63" hits="0" branch="False" />
              </lines>
            </method>
            <method name="&lt;BuildRenderTree&gt;b__8" signature="()" line-rate="0" branch-rate="1" complexity="1">
              <lines>
                <line number="64" hits="0" branch="False" />
              </lines>
            </method>
            <method name="&lt;BuildRenderTree&gt;b__9" signature="()" line-rate="0" branch-rate="1" complexity="1">
              <lines>
                <line number="110" hits="0" branch="False" />
              </lines>
            </method>
          </methods>
          <lines>
            <line number="63" hits="0" branch="False" />
            <line number="64" hits="0" branch="False" />
            <line number="110" hits="0" branch="False" />
          </lines>
        </class>
        <class name="CombatTracker.WebAssembly.Components.PartyManagement.PartyManagement/&lt;&gt;c__DisplayClass0_1" filename="Components/PartyManagement/PartyManagement.razor" line-rate="0" branch-rate="1" complexity="2">
          <methods>
            <method name="&lt;BuildRenderTree&gt;b__10" signature="()" line-rate="0" branch-rate="1" complexity="1">
              <lines>
                <line number="100" hits="0" branch="False" />
              </lines>
            </method>
            <method name="&lt;BuildRenderTree&gt;b__11" signature="()" line-rate="0" branch-rate="1" complexity="1">
              <lines>
                <line number="101" hits="0" branch="False" />
              </lines>
            </method>
          </methods>
          <lines>
            <line number="100" hits="0" branch="False" />
            <line number="101" hits="0" branch="False" />
          </lines>
        </class>
        <class name="CombatTracker.WebAssembly.Components.PartyManagement.PartyManagement/&lt;OnAfterRenderAsync&gt;d__9" filename="Components/PartyManagement/PartyManagement.razor" line-rate="1" branch-rate="1" complexity="2">
          <methods>
            <method name="MoveNext" signature="()" line-rate="1" branch-rate="1" complexity="2">
              <lines>
                <line number="209" hits="15" branch="False" />
                <line number="210" hits="15" branch="True" condition-coverage="100% (2/2)">
                  <conditions>
                    <condition number="23" type="jump" coverage="100%" />
                  </conditions>
                </line>
                <line number="211" hits="7" branch="False" />
                <line number="212" hits="7" branch="False" />
                <line number="213" hits="7" branch="False" />
                <line number="214" hits="7" branch="False" />
                <line number="215" hits="7" branch="False" />
                <line number="216" hits="15" branch="False" />
              </lines>
            </method>
          </methods>
          <lines>
            <line number="209" hits="15" branch="False" />
            <line number="210" hits="15" branch="True" condition-coverage="100% (2/2)">
              <conditions>
                <condition number="23" type="jump" coverage="100%" />
              </conditions>
            </line>
            <line number="211" hits="7" branch="False" />
            <line number="212" hits="7" branch="False" />
            <line number="213" hits="7" branch="False" />
            <line number="214" hits="7" branch="False" />
            <line number="215" hits="7" branch="False" />
            <line number="216" hits="15" branch="False" />
          </lines>
        </class>
        <class name="CombatTracker.WebAssembly.Components.Layout.MainLayout" filename="Components/Layout/MainLayout.razor" line-rate="0" branch-rate="1" complexity="1">
          <methods>
            <method name="BuildRenderTree" signature="(Microsoft.AspNetCore.Components.Rendering.RenderTreeBuilder)" line-rate="0" branch-rate="1" complexity="1">
              <lines>
                <line number="14" hits="0" branch="False" />
              </lines>
            </method>
          </methods>
          <lines>
            <line number="14" hits="0" branch="False" />
          </lines>
        </class>
        <class name="CombatTracker.WebAssembly.Components.Shared.ArmorClassDisplay" filename="Components/Shared/ArmorClassDisplay.razor" line-rate="1" branch-rate="1" complexity="2">
          <methods>
            <method name="BuildRenderTree" signature="(Microsoft.AspNetCore.Components.Rendering.RenderTreeBuilder)" line-rate="1" branch-rate="1" complexity="1">
              <lines>
                <line number="1" hits="12" branch="False" />
              </lines>
            </method>
            <method name="get_ArmorClass" signature="()" line-rate="1" branch-rate="1" complexity="1">
              <lines>
                <line number="8" hits="24" branch="False" />
              </lines>
            </method>
          </methods>
          <lines>
            <line number="1" hits="12" branch="False" />
            <line number="8" hits="24" branch="False" />
          </lines>
        </class>
        <class name="CombatTracker.WebAssembly.Components.Shared.HpDisplay" filename="Components/Shared/HpDisplay.razor" line-rate="0.8823000000000001" branch-rate="1" complexity="13">
          <methods>
            <method name="BuildRenderTree" signature="(Microsoft.AspNetCore.Components.Rendering.RenderTreeBuilder)" line-rate="1" branch-rate="1" complexity="6">
              <lines>
                <line number="2" hits="42" branch="False" />
                <line number="3" hits="21" branch="True" condition-coverage="100% (2/2)">
                  <conditions>
                    <condition number="118" type="jump" coverage="100%" />
                  </conditions>
                </line>
                <line number="4" hits="5" branch="False" />
                <line number="6" hits="5" branch="False" />
                <line number="7" hits="16" branch="True" condition-coverage="100% (2/2)">
                  <conditions>
                    <condition number="155" type="jump" coverage="100%" />
                  </conditions>
                </line>
                <line number="8" hits="2" branch="False" />
                <line number="10" hits="2" branch="False" />
                <line number="12" hits="21" branch="True" condition-coverage="100% (2/2)">
                  <conditions>
                    <condition number="190" type="jump" coverage="100%" />
                  </conditions>
                </line>
                <line number="13" hits="16" branch="False" />
                <line number="14" hits="16" branch="False" />
                <line number="18" hits="16" branch="False" />
              </lines>
            </method>
            <method name="get_HpCurrent" signature="()" line-rate="1" branch-rate="1" complexity="1">
              <lines>
                <line number="25" hits="132" branch="False" />
              </lines>
            </method>
            <method name="get_HpMax" signature="()" line-rate="1" branch-rate="1" complexity="1">
              <lines>
                <line number="31" hits="90" branch="False" />
              </lines>
            </method>
            <method name="get_Status" signature="()" line-rate="1" branch-rate="1" complexity="1">
              <lines>
                <line number="37" hits="42" branch="False" />
              </lines>
            </method>
            <method name="get_IsCompact" signature="()" line-rate="0" branch-rate="1" complexity="1">
              <lines>
                <line number="43" hits="0" branch="False" />
              </lines>
            </method>
            <method name="get_InstanceNumber" signature="()" line-rate="0" branch-rate="1" complexity="1">
              <lines>
                <line number="49" hits="0" branch="False" />
              </lines>
            </method>
            <method name="get_TextClass" signature="()" line-rate="1" branch-rate="1" complexity="2">
              <lines>
                <line number="51" hits="21" branch="True" condition-coverage="100% (2/2)">
                  <conditions>
                    <condition number="6" type="jump" coverage="100%" />
                  </conditions>
                </line>
              </lines>
            </method>
          </methods>
          <lines>
            <line number="2" hits="42" branch="False" />
            <line number="3" hits="21" branch="True" condition-coverage="100% (2/2)">
              <conditions>
                <condition number="118" type="jump" coverage="100%" />
              </conditions>
            </line>
            <line number="4" hits="5" branch="False" />
            <line number="6" hits="5" branch="False" />
            <line number="7" hits="16" branch="True" condition-coverage="100% (2/2)">
              <conditions>
                <condition number="155" type="jump" coverage="100%" />
              </conditions>
            </line>
            <line number="8" hits="2" branch="False" />
            <line number="10" hits="2" branch="False" />
            <line number="12" hits="21" branch="True" condition-coverage="100% (2/2)">
              <conditions>
                <condition number="190" type="jump" coverage="100%" />
              </conditions>
            </line>
            <line number="13" hits="16" branch="False" />
            <line number="14" hits="16" branch="False" />
            <line number="18" hits="16" branch="False" />
            <line number="25" hits="132" branch="False" />
            <line number="31" hits="90" branch="False" />
            <line number="37" hits="42" branch="False" />
            <line number="43" hits="0" branch="False" />
            <line number="49" hits="0" branch="False" />
            <line number="51" hits="21" branch="True" condition-coverage="100% (2/2)">
              <conditions>
                <condition number="6" type="jump" coverage="100%" />
              </conditions>
            </line>
          </lines>
        </class>
        <class name="CombatTracker.WebAssembly.Components.Shared.InitiativeDisplay" filename="Components/Shared/InitiativeDisplay.razor" line-rate="1" branch-rate="1" complexity="2">
          <methods>
            <method name="BuildRenderTree" signature="(Microsoft.AspNetCore.Components.Rendering.RenderTreeBuilder)" line-rate="1" branch-rate="1" complexity="1">
              <lines>
                <line number="2" hits="12" branch="False" />
              </lines>
            </method>
            <method name="get_Initiative" signature="()" line-rate="1" branch-rate="1" complexity="1">
              <lines>
                <line number="10" hits="24" branch="False" />
              </lines>
            </method>
          </methods>
          <lines>
            <line number="2" hits="12" branch="False" />
            <line number="10" hits="24" branch="False" />
          </lines>
        </class>
        <class name="CombatTracker.WebAssembly.Components.Shared.InitiativeIndicator" filename="Components/Shared/InitiativeIndicator.razor" line-rate="1" branch-rate="1" complexity="3">
          <methods>
            <method name="BuildRenderTree" signature="(Microsoft.AspNetCore.Components.Rendering.RenderTreeBuilder)" line-rate="1" branch-rate="1" complexity="2">
              <lines>
                <line number="1" hits="11" branch="True" condition-coverage="100% (2/2)">
                  <conditions>
                    <condition number="9" type="jump" coverage="100%" />
                  </conditions>
                </line>
                <line number="2" hits="10" branch="False" />
                <line number="4" hits="10" branch="False" />
              </lines>
            </method>
            <method name="get_IsCurrentTurn" signature="()" line-rate="1" branch-rate="1" complexity="1">
              <lines>
                <line number="11" hits="22" branch="False" />
              </lines>
            </method>
          </methods>
          <lines>
            <line number="1" hits="11" branch="True" condition-coverage="100% (2/2)">
              <conditions>
                <condition number="9" type="jump" coverage="100%" />
              </conditions>
            </line>
            <line number="2" hits="10" branch="False" />
            <line number="4" hits="10" branch="False" />
            <line number="11" hits="22" branch="False" />
          </lines>
        </class>
        <class name="CombatTracker.WebAssembly.Components.Shared.LoadingSpinner" filename="Components/Shared/LoadingSpinner.razor" line-rate="1" branch-rate="1" complexity="7">
          <methods>
            <method name="BuildRenderTree" signature="(Microsoft.AspNetCore.Components.Rendering.RenderTreeBuilder)" line-rate="1" branch-rate="1" complexity="4">
              <lines>
                <line number="3" hits="5" branch="True" condition-coverage="100% (2/2)">
                  <conditions>
                    <condition number="9" type="jump" coverage="100%" />
                  </conditions>
                </line>
                <line number="4" hits="4" branch="False" />
                <line number="8" hits="4" branch="True" condition-coverage="100% (2/2)">
                  <conditions>
                    <condition number="117" type="jump" coverage="100%" />
                  </conditions>
                </line>
                <line number="9" hits="3" branch="False" />
                <line number="10" hits="3" branch="False" />
                <line number="11" hits="3" branch="False" />
                <line number="14" hits="4" branch="False" />
              </lines>
            </method>
            <method name="get_IsVisible" signature="()" line-rate="1" branch-rate="1" complexity="1">
              <lines>
                <line number="18" hits="10" branch="False" />
              </lines>
            </method>
            <method name="get_Message" signature="()" line-rate="1" branch-rate="1" complexity="1">
              <lines>
                <line number="21" hits="14" branch="False" />
              </lines>
            </method>
            <method name="get_CssClass" signature="()" line-rate="1" branch-rate="1" complexity="1">
              <lines>
                <line number="24" hits="10" branch="False" />
              </lines>
            </method>
          </methods>
          <lines>
            <line number="3" hits="5" branch="True" condition-coverage="100% (2/2)">
              <conditions>
                <condition number="9" type="jump" coverage="100%" />
              </conditions>
            </line>
            <line number="4" hits="4" branch="False" />
            <line number="8" hits="4" branch="True" condition-coverage="100% (2/2)">
              <conditions>
                <condition number="117" type="jump" coverage="100%" />
              </conditions>
            </line>
            <line number="9" hits="3" branch="False" />
            <line number="10" hits="3" branch="False" />
            <line number="11" hits="3" branch="False" />
            <line number="14" hits="4" branch="False" />
            <line number="18" hits="10" branch="False" />
            <line number="21" hits="14" branch="False" />
            <line number="24" hits="10" branch="False" />
          </lines>
        </class>
        <class name="CombatTracker.WebAssembly.Components.Shared.MonsterNameDisplay" filename="Components/Shared/MonsterNameDisplay.razor" line-rate="1" branch-rate="1" complexity="12">
          <methods>
            <method name="BuildRenderTree" signature="(Microsoft.AspNetCore.Components.Rendering.RenderTreeBuilder)" line-rate="1" branch-rate="1" complexity="4">
              <lines>
                <line number="5" hits="10" branch="True" condition-coverage="100% (2/2)">
                  <conditions>
                    <condition number="310" type="jump" coverage="100%" />
                  </conditions>
                </line>
                <line number="11" hits="10" branch="True" condition-coverage="100% (2/2)">
                  <conditions>
                    <condition number="417" type="jump" coverage="100%" />
                  </conditions>
                </line>
              </lines>
            </method>
            <method name="get_Name" signature="()" line-rate="1" branch-rate="1" complexity="1">
              <lines>
                <line number="20" hits="26" branch="False" />
              </lines>
            </method>
            <method name="get_ReferenceId" signature="()" line-rate="1" branch-rate="1" complexity="1">
              <lines>
                <line number="26" hits="9" branch="False" />
              </lines>
            </method>
            <method name="get_CombatantIndex" signature="()" line-rate="1" branch-rate="1" complexity="1">
              <lines>
                <line number="32" hits="9" branch="False" />
              </lines>
            </method>
            <method name="get_IsExpanded" signature="()" line-rate="1" branch-rate="1" complexity="1">
              <lines>
                <line number="38" hits="28" branch="False" />
              </lines>
            </method>
            <method name="get_OnShowStatblock" signature="()" line-rate="1" branch-rate="1" complexity="1">
              <lines>
                <line number="44" hits="9" branch="False" />
              </lines>
            </method>
            <method name="get_OnToggleQuickReference" signature="()" line-rate="1" branch-rate="1" complexity="1">
              <lines>
                <line number="50" hits="9" branch="False" />
              </lines>
            </method>
            <method name="&lt;BuildRenderTree&gt;b__0_0" signature="()" line-rate="1" branch-rate="1" complexity="1">
              <lines>
                <line number="3" hits="1" branch="False" />
              </lines>
            </method>
            <method name="&lt;BuildRenderTree&gt;b__0_1" signature="()" line-rate="1" branch-rate="1" complexity="1">
              <lines>
                <line number="8" hits="1" branch="False" />
              </lines>
            </method>
          </methods>
          <lines>
            <line number="5" hits="10" branch="True" condition-coverage="100% (2/2)">
              <conditions>
                <condition number="310" type="jump" coverage="100%" />
              </conditions>
            </line>
            <line number="11" hits="10" branch="True" condition-coverage="100% (2/2)">
              <conditions>
                <condition number="417" type="jump" coverage="100%" />
              </conditions>
            </line>
            <line number="20" hits="26" branch="False" />
            <line number="26" hits="9" branch="False" />
            <line number="32" hits="9" branch="False" />
            <line number="38" hits="28" branch="False" />
            <line number="44" hits="9" branch="False" />
            <line number="50" hits="9" branch="False" />
            <line number="3" hits="1" branch="False" />
            <line number="8" hits="1" branch="False" />
          </lines>
        </class>
        <class name="CombatTracker.WebAssembly.Components.Shared.StatusBadge" filename="Components/Shared/StatusBadge.razor" line-rate="1" branch-rate="1" complexity="5">
          <methods>
            <method name="BuildRenderTree" signature="(Microsoft.AspNetCore.Components.Rendering.RenderTreeBuilder)" line-rate="1" branch-rate="1" complexity="4">
              <lines>
                <line number="1" hits="13" branch="True" condition-coverage="100% (2/2)">
                  <conditions>
                    <condition number="12" type="jump" coverage="100%" />
                  </conditions>
                </line>
                <line number="2" hits="9" branch="False" />
                <line number="4" hits="9" branch="False" />
                <line number="5" hits="4" branch="True" condition-coverage="100% (2/2)">
                  <conditions>
                    <condition number="42" type="jump" coverage="100%" />
                  </conditions>
                </line>
                <line number="6" hits="3" branch="False" />
                <line number="8" hits="3" branch="False" />
                <line number="10" hits="1" branch="False" />
                <line number="12" hits="1" branch="False" />
              </lines>
            </method>
            <method name="get_Status" signature="()" line-rate="1" branch-rate="1" complexity="1">
              <lines>
                <line number="19" hits="30" branch="False" />
              </lines>
            </method>
          </methods>
          <lines>
            <line number="1" hits="13" branch="True" condition-coverage="100% (2/2)">
              <conditions>
                <condition number="12" type="jump" coverage="100%" />
              </conditions>
            </line>
            <line number="2" hits="9" branch="False" />
            <line number="4" hits="9" branch="False" />
            <line number="5" hits="4" branch="True" condition-coverage="100% (2/2)">
              <conditions>
                <condition number="42" type="jump" coverage="100%" />
              </conditions>
            </line>
            <line number="6" hits="3" branch="False" />
            <line number="8" hits="3" branch="False" />
            <line number="10" hits="1" branch="False" />
            <line number="12" hits="1" branch="False" />
            <line number="19" hits="30" branch="False" />
          </lines>
        </class>
        <class name="CombatTracker.WebAssembly.Components.Shared.KeyboardShortcutsHelp" filename="Components/Shared/KeyboardShortcutsHelp.razor" line-rate="0.2857" branch-rate="0.5" complexity="4">
          <methods>
            <method name="BuildRenderTree" signature="(Microsoft.AspNetCore.Components.Rendering.RenderTreeBuilder)" line-rate="0.3333" branch-rate="0.5" complexity="2">
              <lines>
                <line number="7" hits="9" branch="True" condition-coverage="50% (1/2)">
                  <conditions>
                    <condition number="145" type="jump" coverage="50%" />
                  </conditions>
                </line>
                <line number="8" hits="0" branch="False" />
                <line number="68" hits="0" branch="False" />
              </lines>
            </method>
            <method name="ToggleHelp" signature="()" line-rate="0" branch-rate="1" complexity="1">
              <lines>
                <line number="74" hits="0" branch="False" />
                <line number="75" hits="0" branch="False" />
                <line number="76" hits="0" branch="False" />
              </lines>
            </method>
            <method name=".ctor" signature="()" line-rate="1" branch-rate="1" complexity="1">
              <lines>
                <line number="71" hits="9" branch="False" />
              </lines>
            </method>
          </methods>
          <lines>
            <line number="7" hits="9" branch="True" condition-coverage="50% (1/2)">
              <conditions>
                <condition number="145" type="jump" coverage="50%" />
              </conditions>
            </line>
            <line number="8" hits="0" branch="False" />
            <line number="68" hits="0" branch="False" />
            <line number="74" hits="0" branch="False" />
            <line number="75" hits="0" branch="False" />
            <line number="76" hits="0" branch="False" />
            <line number="71" hits="9" branch="False" />
          </lines>
        </class>
        <class name="CombatTracker.WebAssembly.Components.Shared.MonsterStatblockDisplay" filename="Components/Shared/MonsterStatblockDisplay.razor" line-rate="0.6631999999999999" branch-rate="0.6718000000000001" complexity="65">
          <methods>
            <method name="BuildRenderTree" signature="(Microsoft.AspNetCore.Components.Rendering.RenderTreeBuilder)" line-rate="0.6489" branch-rate="0.6612" complexity="62">
              <lines>
                <line number="3" hits="13" branch="True" condition-coverage="100% (2/2)">
                  <conditions>
                    <condition number="12" type="jump" coverage="100%" />
                  </conditions>
                </line>
                <line number="4" hits="1" branch="False" />
                <line number="6" hits="1" branch="False" />
                <line number="8" hits="12" branch="False" />
                <line number="12" hits="12" branch="False" />
                <line number="14" hits="48" branch="True" condition-coverage="50% (2/4)">
                  <conditions>
                    <condition number="329" type="jump" coverage="50%" />
                    <condition number="389" type="jump" coverage="50%" />
                  </conditions>
                </line>
                <line number="23" hits="24" branch="True" condition-coverage="50% (1/2)">
                  <conditions>
                    <condition number="605" type="jump" coverage="50%" />
                  </conditions>
                </line>
                <line number="26" hits="24" branch="True" condition-coverage="50% (1/2)">
                  <conditions>
                    <condition number="772" type="jump" coverage="50%" />
                  </conditions>
                </line>
                <line number="29" hits="60" branch="True" condition-coverage="75% (6/8)">
                  <conditions>
                    <condition number="949" type="jump" coverage="100%" />
                    <condition number="1041" type="jump" coverage="100%" />
                    <condition number="1133" type="jump" coverage="50%" />
                    <condition number="1225" type="jump" coverage="50%" />
                  </conditions>
                </line>
                <line number="40" hits="24" branch="False" />
                <line number="44" hits="24" branch="False" />
                <line number="48" hits="24" branch="False" />
                <line number="52" hits="24" branch="False" />
                <line number="56" hits="24" branch="False" />
                <line number="60" hits="24" branch="False" />
                <line number="69" hits="12" branch="True" condition-coverage="50% (1/2)">
                  <conditions>
                    <condition number="2534" type="jump" coverage="50%" />
                  </conditions>
                </line>
                <line number="70" hits="0" branch="False" />
                <line number="71" hits="0" branch="False" />
                <line number="72" hits="0" branch="False" />
                <line number="73" hits="12" branch="True" condition-coverage="100% (2/2)">
                  <conditions>
                    <condition number="2649" type="jump" coverage="100%" />
                  </conditions>
                </line>
                <line number="74" hits="12" branch="False" />
                <line number="75" hits="12" branch="False" />
                <line number="76" hits="12" branch="False" />
                <line number="77" hits="12" branch="True" condition-coverage="50% (1/2)">
                  <conditions>
                    <condition number="2764" type="jump" coverage="50%" />
                  </conditions>
                </line>
                <line number="78" hits="0" branch="False" />
                <line number="79" hits="0" branch="False" />
                <line number="80" hits="0" branch="False" />
                <line number="81" hits="12" branch="True" condition-coverage="50% (1/2)">
                  <conditions>
                    <condition number="2879" type="jump" coverage="50%" />
                  </conditions>
                </line>
                <line number="82" hits="0" branch="False" />
                <line number="83" hits="0" branch="False" />
                <line number="84" hits="0" branch="False" />
                <line number="85" hits="12" branch="True" condition-coverage="50% (1/2)">
                  <conditions>
                    <condition number="3006" type="jump" coverage="50%" />
                  </conditions>
                </line>
                <line number="86" hits="0" branch="False" />
                <line number="87" hits="0" branch="False" />
                <line number="88" hits="0" branch="False" />
                <line number="89" hits="12" branch="True" condition-coverage="50% (1/2)">
                  <conditions>
                    <condition number="3136" type="jump" coverage="50%" />
                  </conditions>
                </line>
                <line number="90" hits="0" branch="False" />
                <line number="91" hits="0" branch="False" />
                <line number="92" hits="0" branch="False" />
                <line number="93" hits="12" branch="True" condition-coverage="100% (2/2)">
                  <conditions>
                    <condition number="3266" type="jump" coverage="100%" />
                  </conditions>
                </line>
                <line number="94" hits="12" branch="False" />
                <line number="95" hits="12" branch="False" />
                <line number="96" hits="12" branch="False" />
                <line number="97" hits="12" branch="True" condition-coverage="100% (2/2)">
                  <conditions>
                    <condition number="3396" type="jump" coverage="100%" />
                  </conditions>
                </line>
                <line number="98" hits="12" branch="False" />
                <line number="99" hits="12" branch="False" />
                <line number="100" hits="12" branch="False" />
                <line number="102" hits="24" branch="False" />
                <line number="103" hits="12" branch="False" />
                <line number="107" hits="12" branch="True" condition-coverage="100% (2/2)">
                  <conditions>
                    <condition number="3741" type="jump" coverage="100%" />
                  </conditions>
                </line>
                <line number="108" hits="12" branch="False" />
                <line number="113" hits="60" branch="True" condition-coverage="100% (2/2)">
                  <conditions>
                    <condition number="4123" type="jump" coverage="100%" />
                  </conditions>
                </line>
                <line number="114" hits="12" branch="False" />
                <line number="117" hits="24" branch="False" />
                <line number="120" hits="12" branch="False" />
                <line number="122" hits="12" branch="False" />
                <line number="124" hits="12" branch="True" condition-coverage="100% (2/2)">
                  <conditions>
                    <condition number="4173" type="jump" coverage="100%" />
                  </conditions>
                </line>
                <line number="125" hits="12" branch="False" />
                <line number="131" hits="60" branch="True" condition-coverage="100% (2/2)">
                  <conditions>
                    <condition number="4572" type="jump" coverage="100%" />
                  </conditions>
                </line>
                <line number="132" hits="12" branch="False" />
                <line number="135" hits="24" branch="False" />
                <line number="138" hits="12" branch="False" />
                <line number="140" hits="12" branch="False" />
                <line number="142" hits="12" branch="True" condition-coverage="50% (1/2)">
                  <conditions>
                    <condition number="4622" type="jump" coverage="50%" />
                  </conditions>
                </line>
                <line number="143" hits="0" branch="False" />
                <line number="149" hits="0" branch="True" condition-coverage="0% (0/2)">
                  <conditions>
                    <condition number="5021" type="jump" coverage="0%" />
                  </conditions>
                </line>
                <line number="150" hits="0" branch="False" />
                <line number="153" hits="0" branch="False" />
                <line number="156" hits="0" branch="False" />
                <line number="158" hits="0" branch="False" />
                <line number="160" hits="12" branch="True" condition-coverage="50% (1/2)">
                  <conditions>
                    <condition number="5071" type="jump" coverage="50%" />
                  </conditions>
                </line>
                <line number="161" hits="0" branch="False" />
                <line number="167" hits="0" branch="True" condition-coverage="0% (0/2)">
                  <conditions>
                    <condition number="5470" type="jump" coverage="0%" />
                  </conditions>
                </line>
                <line number="168" hits="0" branch="False" />
                <line number="171" hits="0" branch="False" />
                <line number="174" hits="0" branch="False" />
                <line number="176" hits="0" branch="False" />
                <line number="178" hits="12" branch="True" condition-coverage="100% (2/2)">
                  <conditions>
                    <condition number="5520" type="jump" coverage="100%" />
                  </conditions>
                </line>
                <line number="179" hits="1" branch="False" />
                <line number="186" hits="3" branch="True" condition-coverage="50% (1/2)">
                  <conditions>
                    <condition number="5792" type="jump" coverage="50%" />
                  </conditions>
                </line>
                <line number="188" hits="1" branch="False" />
                <line number="190" hits="7" branch="True" condition-coverage="100% (2/2)">
                  <conditions>
                    <condition number="6266" type="jump" coverage="100%" />
                  </conditions>
                </line>
                <line number="191" hits="2" branch="False" />
                <line number="194" hits="6" branch="True" condition-coverage="100% (2/2)">
                  <conditions>
                    <condition number="6111" type="jump" coverage="100%" />
                  </conditions>
                </line>
                <line number="197" hits="2" branch="False" />
                <line number="199" hits="1" branch="False" />
                <line number="201" hits="12" branch="True" condition-coverage="50% (1/2)">
                  <conditions>
                    <condition number="6316" type="jump" coverage="50%" />
                  </conditions>
                </line>
                <line number="202" hits="0" branch="False" />
                <line number="208" hits="0" branch="True" condition-coverage="0% (0/2)">
                  <conditions>
                    <condition number="6715" type="jump" coverage="0%" />
                  </conditions>
                </line>
                <line number="209" hits="0" branch="False" />
                <line number="212" hits="0" branch="False" />
                <line number="215" hits="0" branch="False" />
                <line number="217" hits="0" branch="False" />
                <line number="219" hits="12" branch="False" />
              </lines>
            </method>
            <method name="get_Monster" signature="()" line-rate="1" branch-rate="1" complexity="1">
              <lines>
                <line number="223" hits="657" branch="False" />
              </lines>
            </method>
            <method name="FormatModifier" signature="(System.Int32)" line-rate="1" branch-rate="1" complexity="2">
              <lines>
                <line number="226" hits="84" branch="False" />
                <line number="227" hits="84" branch="True" condition-coverage="100% (2/2)">
                  <conditions>
                    <condition number="3" type="jump" coverage="100%" />
                  </conditions>
                </line>
                <line number="228" hits="84" branch="False" />
              </lines>
            </method>
          </methods>
          <lines>
            <line number="3" hits="13" branch="True" condition-coverage="100% (2/2)">
              <conditions>
                <condition number="12" type="jump" coverage="100%" />
              </conditions>
            </line>
            <line number="4" hits="1" branch="False" />
            <line number="6" hits="1" branch="False" />
            <line number="8" hits="12" branch="False" />
            <line number="12" hits="12" branch="False" />
            <line number="14" hits="48" branch="True" condition-coverage="50% (2/4)">
              <conditions>
                <condition number="329" type="jump" coverage="50%" />
                <condition number="389" type="jump" coverage="50%" />
              </conditions>
            </line>
            <line number="23" hits="24" branch="True" condition-coverage="50% (1/2)">
              <conditions>
                <condition number="605" type="jump" coverage="50%" />
              </conditions>
            </line>
            <line number="26" hits="24" branch="True" condition-coverage="50% (1/2)">
              <conditions>
                <condition number="772" type="jump" coverage="50%" />
              </conditions>
            </line>
            <line number="29" hits="60" branch="True" condition-coverage="75% (6/8)">
              <conditions>
                <condition number="949" type="jump" coverage="100%" />
                <condition number="1041" type="jump" coverage="100%" />
                <condition number="1133" type="jump" coverage="50%" />
                <condition number="1225" type="jump" coverage="50%" />
              </conditions>
            </line>
            <line number="40" hits="24" branch="False" />
            <line number="44" hits="24" branch="False" />
            <line number="48" hits="24" branch="False" />
            <line number="52" hits="24" branch="False" />
            <line number="56" hits="24" branch="False" />
            <line number="60" hits="24" branch="False" />
            <line number="69" hits="12" branch="True" condition-coverage="50% (1/2)">
              <conditions>
                <condition number="2534" type="jump" coverage="50%" />
              </conditions>
            </line>
            <line number="70" hits="0" branch="False" />
            <line number="71" hits="0" branch="False" />
            <line number="72" hits="0" branch="False" />
            <line number="73" hits="12" branch="True" condition-coverage="100% (2/2)">
              <conditions>
                <condition number="2649" type="jump" coverage="100%" />
              </conditions>
            </line>
            <line number="74" hits="12" branch="False" />
            <line number="75" hits="12" branch="False" />
            <line number="76" hits="12" branch="False" />
            <line number="77" hits="12" branch="True" condition-coverage="50% (1/2)">
              <conditions>
                <condition number="2764" type="jump" coverage="50%" />
              </conditions>
            </line>
            <line number="78" hits="0" branch="False" />
            <line number="79" hits="0" branch="False" />
            <line number="80" hits="0" branch="False" />
            <line number="81" hits="12" branch="True" condition-coverage="50% (1/2)">
              <conditions>
                <condition number="2879" type="jump" coverage="50%" />
              </conditions>
            </line>
            <line number="82" hits="0" branch="False" />
            <line number="83" hits="0" branch="False" />
            <line number="84" hits="0" branch="False" />
            <line number="85" hits="12" branch="True" condition-coverage="50% (1/2)">
              <conditions>
                <condition number="3006" type="jump" coverage="50%" />
              </conditions>
            </line>
            <line number="86" hits="0" branch="False" />
            <line number="87" hits="0" branch="False" />
            <line number="88" hits="0" branch="False" />
            <line number="89" hits="12" branch="True" condition-coverage="50% (1/2)">
              <conditions>
                <condition number="3136" type="jump" coverage="50%" />
              </conditions>
            </line>
            <line number="90" hits="0" branch="False" />
            <line number="91" hits="0" branch="False" />
            <line number="92" hits="0" branch="False" />
            <line number="93" hits="12" branch="True" condition-coverage="100% (2/2)">
              <conditions>
                <condition number="3266" type="jump" coverage="100%" />
              </conditions>
            </line>
            <line number="94" hits="12" branch="False" />
            <line number="95" hits="12" branch="False" />
            <line number="96" hits="12" branch="False" />
            <line number="97" hits="12" branch="True" condition-coverage="100% (2/2)">
              <conditions>
                <condition number="3396" type="jump" coverage="100%" />
              </conditions>
            </line>
            <line number="98" hits="12" branch="False" />
            <line number="99" hits="12" branch="False" />
            <line number="100" hits="12" branch="False" />
            <line number="102" hits="24" branch="False" />
            <line number="103" hits="12" branch="False" />
            <line number="107" hits="12" branch="True" condition-coverage="100% (2/2)">
              <conditions>
                <condition number="3741" type="jump" coverage="100%" />
              </conditions>
            </line>
            <line number="108" hits="12" branch="False" />
            <line number="113" hits="60" branch="True" condition-coverage="100% (2/2)">
              <conditions>
                <condition number="4123" type="jump" coverage="100%" />
              </conditions>
            </line>
            <line number="114" hits="12" branch="False" />
            <line number="117" hits="24" branch="False" />
            <line number="120" hits="12" branch="False" />
            <line number="122" hits="12" branch="False" />
            <line number="124" hits="12" branch="True" condition-coverage="100% (2/2)">
              <conditions>
                <condition number="4173" type="jump" coverage="100%" />
              </conditions>
            </line>
            <line number="125" hits="12" branch="False" />
            <line number="131" hits="60" branch="True" condition-coverage="100% (2/2)">
              <conditions>
                <condition number="4572" type="jump" coverage="100%" />
              </conditions>
            </line>
            <line number="132" hits="12" branch="False" />
            <line number="135" hits="24" branch="False" />
            <line number="138" hits="12" branch="False" />
            <line number="140" hits="12" branch="False" />
            <line number="142" hits="12" branch="True" condition-coverage="50% (1/2)">
              <conditions>
                <condition number="4622" type="jump" coverage="50%" />
              </conditions>
            </line>
            <line number="143" hits="0" branch="False" />
            <line number="149" hits="0" branch="True" condition-coverage="0% (0/2)">
              <conditions>
                <condition number="5021" type="jump" coverage="0%" />
              </conditions>
            </line>
            <line number="150" hits="0" branch="False" />
            <line number="153" hits="0" branch="False" />
            <line number="156" hits="0" branch="False" />
            <line number="158" hits="0" branch="False" />
            <line number="160" hits="12" branch="True" condition-coverage="50% (1/2)">
              <conditions>
                <condition number="5071" type="jump" coverage="50%" />
              </conditions>
            </line>
            <line number="161" hits="0" branch="False" />
            <line number="167" hits="0" branch="True" condition-coverage="0% (0/2)">
              <conditions>
                <condition number="5470" type="jump" coverage="0%" />
              </conditions>
            </line>
            <line number="168" hits="0" branch="False" />
            <line number="171" hits="0" branch="False" />
            <line number="174" hits="0" branch="False" />
            <line number="176" hits="0" branch="False" />
            <line number="178" hits="12" branch="True" condition-coverage="100% (2/2)">
              <conditions>
                <condition number="5520" type="jump" coverage="100%" />
              </conditions>
            </line>
            <line number="179" hits="1" branch="False" />
            <line number="186" hits="3" branch="True" condition-coverage="50% (1/2)">
              <conditions>
                <condition number="5792" type="jump" coverage="50%" />
              </conditions>
            </line>
            <line number="188" hits="1" branch="False" />
            <line number="190" hits="7" branch="True" condition-coverage="100% (2/2)">
              <conditions>
                <condition number="6266" type="jump" coverage="100%" />
              </conditions>
            </line>
            <line number="191" hits="2" branch="False" />
            <line number="194" hits="6" branch="True" condition-coverage="100% (2/2)">
              <conditions>
                <condition number="6111" type="jump" coverage="100%" />
              </conditions>
            </line>
            <line number="197" hits="2" branch="False" />
            <line number="199" hits="1" branch="False" />
            <line number="201" hits="12" branch="True" condition-coverage="50% (1/2)">
              <conditions>
                <condition number="6316" type="jump" coverage="50%" />
              </conditions>
            </line>
            <line number="202" hits="0" branch="False" />
            <line number="208" hits="0" branch="True" condition-coverage="0% (0/2)">
              <conditions>
                <condition number="6715" type="jump" coverage="0%" />
              </conditions>
            </line>
            <line number="209" hits="0" branch="False" />
            <line number="212" hits="0" branch="False" />
            <line number="215" hits="0" branch="False" />
            <line number="217" hits="0" branch="False" />
            <line number="219" hits="12" branch="False" />
            <line number="223" hits="657" branch="False" />
            <line number="226" hits="84" branch="False" />
            <line number="227" hits="84" branch="True" condition-coverage="100% (2/2)">
              <conditions>
                <condition number="3" type="jump" coverage="100%" />
              </conditions>
            </line>
            <line number="228" hits="84" branch="False" />
          </lines>
        </class>
        <class name="CombatTracker.WebAssembly.Components.Shared.ToastNotification" filename="Components/Shared/ToastNotification.razor" line-rate="0.9642000000000001" branch-rate="0.9229999999999999" complexity="18">
          <methods>
            <method name="BuildRenderTree" signature="(Microsoft.AspNetCore.Components.Rendering.RenderTreeBuilder)" line-rate="1" branch-rate="1" complexity="8">
              <lines>
                <line number="3" hits="9" branch="True" condition-coverage="100% (2/2)">
                  <conditions>
                    <condition number="9" type="jump" coverage="100%" />
                  </conditions>
                </line>
                <line number="4" hits="7" branch="False" />
                <line number="9" hits="7" branch="True" condition-coverage="100% (2/2)">
                  <conditions>
                    <condition number="357" type="jump" coverage="100%" />
                  </conditions>
                </line>
                <line number="10" hits="1" branch="False" />
                <line number="13" hits="1" branch="False" />
                <line number="14" hits="6" branch="True" condition-coverage="100% (2/2)">
                  <conditions>
                    <condition number="402" type="jump" coverage="100%" />
                  </conditions>
                </line>
                <line number="15" hits="1" branch="False" />
                <line number="18" hits="1" branch="False" />
                <line number="19" hits="5" branch="True" condition-coverage="100% (2/2)">
                  <conditions>
                    <condition number="447" type="jump" coverage="100%" />
                  </conditions>
                </line>
                <line number="20" hits="1" branch="False" />
                <line number="23" hits="1" branch="False" />
                <line number="25" hits="4" branch="False" />
                <line number="28" hits="4" branch="False" />
                <line number="33" hits="7" branch="False" />
                <line number="37" hits="7" branch="False" />
              </lines>
            </method>
            <method name="get_IsVisible" signature="()" line-rate="1" branch-rate="1" complexity="1">
              <lines>
                <line number="41" hits="18" branch="False" />
              </lines>
            </method>
            <method name="get_Message" signature="()" line-rate="1" branch-rate="1" complexity="1">
              <lines>
                <line number="44" hits="22" branch="False" />
              </lines>
            </method>
            <method name="get_Type" signature="()" line-rate="1" branch-rate="1" complexity="1">
              <lines>
                <line number="47" hits="37" branch="False" />
              </lines>
            </method>
            <method name="get_OnDismiss" signature="()" line-rate="1" branch-rate="1" complexity="1">
              <lines>
                <line number="50" hits="2" branch="False" />
              </lines>
            </method>
            <method name="get_ToastClass" signature="()" line-rate="0.875" branch-rate="0.8" complexity="5">
              <lines>
                <line number="54" hits="7" branch="True" condition-coverage="80% (4/5)">
                  <conditions>
                    <condition number="12" type="switch" coverage="80%" />
                  </conditions>
                </line>
                <line number="55" hits="7" branch="False" />
                <line number="56" hits="1" branch="False" />
                <line number="57" hits="1" branch="False" />
                <line number="58" hits="1" branch="False" />
                <line number="59" hits="4" branch="False" />
                <line number="60" hits="0" branch="False" />
                <line number="61" hits="7" branch="False" />
              </lines>
            </method>
[...]
              <lines>
                <line number="39" hits="92" branch="False" />
              </lines>
            </method>
            <method name="get_Type" signature="()" line-rate="1" branch-rate="1" complexity="1">
              <lines>
                <line number="46" hits="191" branch="False" />
              </lines>
            </method>
            <method name="get_Subtype" signature="()" line-rate="1" branch-rate="1" complexity="1">
              <lines>
                <line number="52" hits="44" branch="False" />
              </lines>
            </method>
            <method name="get_Alignment" signature="()" line-rate="1" branch-rate="1" complexity="1">
              <lines>
                <line number="58" hits="102" branch="False" />
              </lines>
            </method>
            <method name="get_AC" signature="()" line-rate="1" branch-rate="1" complexity="1">
              <lines>
                <line number="64" hits="143" branch="False" />
              </lines>
            </method>
            <method name="get_ArmorType" signature="()" line-rate="1" branch-rate="1" complexity="1">
              <lines>
                <line number="70" hits="75" branch="False" />
              </lines>
            </method>
            <method name="get_Hp" signature="()" line-rate="1" branch-rate="1" complexity="1">
              <lines>
                <line number="76" hits="163" branch="False" />
              </lines>
            </method>
            <method name="get_HpFormula" signature="()" line-rate="1" branch-rate="1" complexity="1">
              <lines>
                <line number="82" hits="75" branch="False" />
              </lines>
            </method>
            <method name="get_Speed" signature="()" line-rate="1" branch-rate="1" complexity="1">
              <lines>
                <line number="88" hits="111" branch="False" />
              </lines>
            </method>
            <method name="get_FlySpeed" signature="()" line-rate="1" branch-rate="1" complexity="1">
              <lines>
                <line number="94" hits="103" branch="False" />
              </lines>
            </method>
            <method name="get_SwimSpeed" signature="()" line-rate="1" branch-rate="1" complexity="1">
              <lines>
                <line number="100" hits="103" branch="False" />
              </lines>
            </method>
            <method name="get_ClimbSpeed" signature="()" line-rate="1" branch-rate="1" complexity="1">
              <lines>
                <line number="106" hits="77" branch="False" />
              </lines>
            </method>
            <method name="get_BurrowSpeed" signature="()" line-rate="1" branch-rate="1" complexity="1">
              <lines>
                <line number="112" hits="77" branch="False" />
              </lines>
            </method>
            <method name="get_Abilities" signature="()" line-rate="1" branch-rate="1" complexity="1">
              <lines>
                <line number="117" hits="221" branch="False" />
              </lines>
            </method>
            <method name="get_SavingThrows" signature="()" line-rate="1" branch-rate="1" complexity="1">
              <lines>
                <line number="123" hits="18" branch="False" />
              </lines>
            </method>
            <method name="get_Skills" signature="()" line-rate="1" branch-rate="1" complexity="1">
              <lines>
                <line number="129" hits="42" branch="False" />
              </lines>
            </method>
            <method name="get_Vulnerabilities" signature="()" line-rate="1" branch-rate="1" complexity="1">
              <lines>
                <line number="135" hits="18" branch="False" />
              </lines>
            </method>
            <method name="get_Resistances" signature="()" line-rate="1" branch-rate="1" complexity="1">
              <lines>
                <line number="141" hits="18" branch="False" />
              </lines>
            </method>
            <method name="get_Immunities" signature="()" line-rate="1" branch-rate="1" complexity="1">
              <lines>
                <line number="147" hits="18" branch="False" />
              </lines>
            </method>
            <method name="get_ConditionImmunities" signature="()" line-rate="1" branch-rate="1" complexity="1">
              <lines>
                <line number="153" hits="18" branch="False" />
              </lines>
            </method>
            <method name="get_Senses" signature="()" line-rate="1" branch-rate="1" complexity="1">
              <lines>
                <line number="159" hits="42" branch="False" />
              </lines>
            </method>
            <method name="get_Languages" signature="()" line-rate="1" branch-rate="1" complexity="1">
              <lines>
                <line number="165" hits="42" branch="False" />
              </lines>
            </method>
            <method name="get_ChallengeRating" signature="()" line-rate="1" branch-rate="1" complexity="1">
              <lines>
                <line number="171" hits="111" branch="False" />
              </lines>
            </method>
            <method name="get_ExperiencePoints" signature="()" line-rate="1" branch-rate="1" complexity="1">
              <lines>
                <line number="177" hits="89" branch="False" />
              </lines>
            </method>
            <method name="get_ProficiencyBonus" signature="()" line-rate="1" branch-rate="1" complexity="1">
              <lines>
                <line number="183" hits="89" branch="False" />
              </lines>
            </method>
            <method name="get_InitiativeModifier" signature="()" line-rate="1" branch-rate="1" complexity="1">
              <lines>
                <line number="190" hits="88" branch="False" />
              </lines>
            </method>
            <method name="get_Traits" signature="()" line-rate="1" branch-rate="1" complexity="1">
              <lines>
                <line number="195" hits="104" branch="False" />
              </lines>
            </method>
            <method name="get_Actions" signature="()" line-rate="1" branch-rate="1" complexity="1">
              <lines>
                <line number="200" hits="139" branch="False" />
              </lines>
            </method>
            <method name="get_BonusActions" signature="()" line-rate="1" branch-rate="1" complexity="1">
              <lines>
                <line number="205" hits="77" branch="False" />
              </lines>
            </method>
            <method name="get_Reactions" signature="()" line-rate="1" branch-rate="1" complexity="1">
              <lines>
                <line number="210" hits="77" branch="False" />
              </lines>
            </method>
            <method name="get_LegendaryActions" signature="()" line-rate="1" branch-rate="1" complexity="1">
              <lines>
                <line number="215" hits="80" branch="False" />
              </lines>
            </method>
            <method name="get_LegendaryActionsPerRound" signature="()" line-rate="1" branch-rate="1" complexity="1">
              <lines>
                <line number="221" hits="68" branch="False" />
              </lines>
            </method>
            <method name="get_LairActions" signature="()" line-rate="1" branch-rate="1" complexity="1">
              <lines>
                <line number="226" hits="77" branch="False" />
              </lines>
            </method>
            <method name="get_Attacks" signature="()" line-rate="1" branch-rate="1" complexity="1">
              <lines>
                <line number="232" hits="65" branch="False" />
              </lines>
            </method>
          </methods>
          <lines>
            <line number="13" hits="95" branch="False" />
            <line number="20" hits="26" branch="False" />
            <line number="26" hits="46" branch="False" />
            <line number="33" hits="196" branch="False" />
            <line number="39" hits="92" branch="False" />
            <line number="46" hits="191" branch="False" />
            <line number="52" hits="44" branch="False" />
            <line number="58" hits="102" branch="False" />
            <line number="64" hits="143" branch="False" />
            <line number="70" hits="75" branch="False" />
            <line number="76" hits="163" branch="False" />
            <line number="82" hits="75" branch="False" />
            <line number="88" hits="111" branch="False" />
            <line number="94" hits="103" branch="False" />
            <line number="100" hits="103" branch="False" />
            <line number="106" hits="77" branch="False" />
            <line number="112" hits="77" branch="False" />
            <line number="117" hits="221" branch="False" />
            <line number="123" hits="18" branch="False" />
            <line number="129" hits="42" branch="False" />
            <line number="135" hits="18" branch="False" />
            <line number="141" hits="18" branch="False" />
            <line number="147" hits="18" branch="False" />
            <line number="153" hits="18" branch="False" />
            <line number="159" hits="42" branch="False" />
            <line number="165" hits="42" branch="False" />
            <line number="171" hits="111" branch="False" />
            <line number="177" hits="89" branch="False" />
            <line number="183" hits="89" branch="False" />
            <line number="190" hits="88" branch="False" />
            <line number="195" hits="104" branch="False" />
            <line number="200" hits="139" branch="False" />
            <line number="205" hits="77" branch="False" />
            <line number="210" hits="77" branch="False" />
            <line number="215" hits="80" branch="False" />
            <line number="221" hits="68" branch="False" />
            <line number="226" hits="77" branch="False" />
            <line number="232" hits="65" branch="False" />
          </lines>
        </class>
        <class name="CombatTracker.WebAssembly.Models.AbilityScores" filename="Models/Monster.cs" line-rate="1" branch-rate="1" complexity="13">
          <methods>
            <method name="get_Strength" signature="()" line-rate="1" branch-rate="1" complexity="1">
              <lines>
                <line number="244" hits="119" branch="False" />
              </lines>
            </method>
            <method name="get_Dexterity" signature="()" line-rate="1" branch-rate="1" complexity="1">
              <lines>
                <line number="250" hits="119" branch="False" />
              </lines>
            </method>
            <method name="get_Constitution" signature="()" line-rate="1" branch-rate="1" complexity="1">
              <lines>
                <line number="256" hits="119" branch="False" />
              </lines>
            </method>
            <method name="get_Intelligence" signature="()" line-rate="1" branch-rate="1" complexity="1">
              <lines>
                <line number="262" hits="119" branch="False" />
              </lines>
            </method>
            <method name="get_Wisdom" signature="()" line-rate="1" branch-rate="1" complexity="1">
              <lines>
                <line number="268" hits="119" branch="False" />
              </lines>
            </method>
            <method name="get_Charisma" signature="()" line-rate="1" branch-rate="1" complexity="1">
              <lines>
                <line number="274" hits="119" branch="False" />
              </lines>
            </method>
            <method name="GetModifier" signature="(System.Int32)" line-rate="1" branch-rate="1" complexity="1">
              <lines>
                <line number="280" hits="90" branch="False" />
                <line number="281" hits="90" branch="False" />
                <line number="282" hits="90" branch="False" />
              </lines>
            </method>
            <method name="get_StrengthModifier" signature="()" line-rate="1" branch-rate="1" complexity="1">
              <lines>
                <line number="287" hits="15" branch="False" />
              </lines>
            </method>
            <method name="get_DexterityModifier" signature="()" line-rate="1" branch-rate="1" complexity="1">
              <lines>
                <line number="292" hits="15" branch="False" />
              </lines>
            </method>
            <method name="get_ConstitutionModifier" signature="()" line-rate="1" branch-rate="1" complexity="1">
              <lines>
                <line number="297" hits="15" branch="False" />
              </lines>
            </method>
            <method name="get_IntelligenceModifier" signature="()" line-rate="1" branch-rate="1" complexity="1">
              <lines>
                <line number="302" hits="15" branch="False" />
              </lines>
            </method>
            <method name="get_WisdomModifier" signature="()" line-rate="1" branch-rate="1" complexity="1">
              <lines>
                <line number="307" hits="15" branch="False" />
              </lines>
            </method>
            <method name="get_CharismaModifier" signature="()" line-rate="1" branch-rate="1" complexity="1">
              <lines>
                <line number="312" hits="15" branch="False" />
              </lines>
            </method>
          </methods>
          <lines>
            <line number="244" hits="119" branch="False" />
            <line number="250" hits="119" branch="False" />
            <line number="256" hits="119" branch="False" />
            <line number="262" hits="119" branch="False" />
            <line number="268" hits="119" branch="False" />
            <line number="274" hits="119" branch="False" />
            <line number="280" hits="90" branch="False" />
            <line number="281" hits="90" branch="False" />
            <line number="282" hits="90" branch="False" />
            <line number="287" hits="15" branch="False" />
            <line number="292" hits="15" branch="False" />
            <line number="297" hits="15" branch="False" />
            <line number="302" hits="15" branch="False" />
            <line number="307" hits="15" branch="False" />
            <line number="312" hits="15" branch="False" />
          </lines>
        </class>
        <class name="CombatTracker.WebAssembly.Models.MonsterTrait" filename="Models/Monster.cs" line-rate="1" branch-rate="1" complexity="2">
          <methods>
            <method name="get_Name" signature="()" line-rate="1" branch-rate="1" complexity="1">
              <lines>
                <line number="325" hits="42" branch="False" />
              </lines>
            </method>
            <method name="get_Description" signature="()" line-rate="1" branch-rate="1" complexity="1">
              <lines>
                <line number="332" hits="41" branch="False" />
              </lines>
            </method>
          </methods>
          <lines>
            <line number="325" hits="42" branch="False" />
            <line number="332" hits="41" branch="False" />
          </lines>
        </class>
        <class name="CombatTracker.WebAssembly.Models.MonsterAction" filename="Models/Monster.cs" line-rate="1" branch-rate="1" complexity="11">
          <methods>
            <method name="get_Name" signature="()" line-rate="1" branch-rate="1" complexity="1">
              <lines>
                <line number="345" hits="92" branch="False" />
              </lines>
            </method>
            <method name="get_Description" signature="()" line-rate="1" branch-rate="1" complexity="1">
              <lines>
                <line number="352" hits="82" branch="False" />
              </lines>
            </method>
            <method name="get_AttackType" signature="()" line-rate="1" branch-rate="1" complexity="1">
              <lines>
                <line number="358" hits="47" branch="False" />
              </lines>
            </method>
            <method name="get_AttackBonus" signature="()" line-rate="1" branch-rate="1" complexity="1">
              <lines>
                <line number="363" hits="54" branch="False" />
              </lines>
            </method>
            <method name="get_Reach" signature="()" line-rate="1" branch-rate="1" complexity="1">
              <lines>
                <line number="368" hits="44" branch="False" />
              </lines>
            </method>
            <method name="get_Range" signature="()" line-rate="1" branch-rate="1" complexity="1">
              <lines>
                <line number="374" hits="23" branch="False" />
              </lines>
            </method>
            <method name="get_DamageFormula" signature="()" line-rate="1" branch-rate="1" complexity="1">
              <lines>
                <line number="380" hits="44" branch="False" />
              </lines>
            </method>
            <method name="get_DamageType" signature="()" line-rate="1" branch-rate="1" complexity="1">
              <lines>
                <line number="386" hits="35" branch="False" />
              </lines>
            </method>
            <method name="get_AdditionalDamageFormula" signature="()" line-rate="1" branch-rate="1" complexity="1">
              <lines>
                <line number="392" hits="2" branch="False" />
              </lines>
            </method>
            <method name="get_AdditionalDamageType" signature="()" line-rate="1" branch-rate="1" complexity="1">
              <lines>
                <line number="398" hits="2" branch="False" />
              </lines>
            </method>
            <method name="get_LegendaryActionCost" signature="()" line-rate="1" branch-rate="1" complexity="1">
              <lines>
                <line number="404" hits="39" branch="False" />
              </lines>
            </method>
          </methods>
          <lines>
            <line number="345" hits="92" branch="False" />
            <line number="352" hits="82" branch="False" />
            <line number="358" hits="47" branch="False" />
            <line number="363" hits="54" branch="False" />
            <line number="368" hits="44" branch="False" />
            <line number="374" hits="23" branch="False" />
            <line number="380" hits="44" branch="False" />
            <line number="386" hits="35" branch="False" />
            <line number="392" hits="2" branch="False" />
            <line number="398" hits="2" branch="False" />
            <line number="404" hits="39" branch="False" />
          </lines>
        </class>
        <class name="CombatTracker.WebAssembly.Models.Party" filename="Models/Party.cs" line-rate="1" branch-rate="1" complexity="3">
          <methods>
            <method name="get_Id" signature="()" line-rate="1" branch-rate="1" complexity="1">
              <lines>
                <line number="13" hits="165" branch="False" />
              </lines>
            </method>
            <method name="get_Name" signature="()" line-rate="1" branch-rate="1" complexity="1">
              <lines>
                <line number="20" hits="161" branch="False" />
              </lines>
            </method>
            <method name="get_Characters" signature="()" line-rate="1" branch-rate="1" complexity="1">
              <lines>
                <line number="25" hits="203" branch="False" />
              </lines>
            </method>
          </methods>
          <lines>
            <line number="13" hits="165" branch="False" />
            <line number="20" hits="161" branch="False" />
            <line number="25" hits="203" branch="False" />
          </lines>
        </class>
      </classes>
    </package>
  </packages>
</coverage>